<?xml version="1.0" encoding="UTF-8"?>
<!-- Generated by org.testng.reporters.JUnitReportReporter -->
<testsuite skipped="0" hostname="INLH104910" name="com.testngproject.parallel.ParallelExecution" tests="3" failures="0" timestamp="2020-05-15T10:24:13 IST" time="80.758" errors="0">
  <testcase name="executSessionOne" time="26.257" classname="com.testngproject.parallel.ParallelExecution"/>
  <testcase name="executeSessionTwo" time="27.241" classname="com.testngproject.parallel.ParallelExecution"/>
  <testcase name="executSessionThree" time="27.260" classname="com.testngproject.parallel.ParallelExecution"/>
</testsuite> <!-- com.testngproject.parallel.ParallelExecution -->
